app/build/intermediates/manifest_merge_blame_file/debug/manifest-merger-blame-debug-report.txt
1<?xml version="1.0" encoding="utf-8"?>
2<manifest xmlns:android="http://schemas.android.com/apk/res/android"
3    package="com.nxp.ntag424tool"
4    android:versionCode="1"
5    android:versionName="1.0" >
6
7    <uses-sdk
8        android:minSdkVersion="21"
9        android:targetSdkVersion="33" />
10
11    <uses-permission android:name="android.permission.NFC" />
11-->src/main/AndroidManifest.xml:5:5-62
11-->src/main/AndroidManifest.xml:5:22-59
12
13    <uses-feature
13-->src/main/AndroidManifest.xml:6:5-81
14        android:name="android.hardware.nfc"
14-->src/main/AndroidManifest.xml:6:19-54
15        android:required="true" />
15-->src/main/AndroidManifest.xml:6:55-78
16
17    <uses-permission android:name="android.permission.INTERNET" />
17-->src/main/AndroidManifest.xml:7:5-67
17-->src/main/AndroidManifest.xml:7:22-64
18    <uses-permission android:name="android.permission.ACCESS_NETWORK_STATE" />
18-->src/main/AndroidManifest.xml:8:5-79
18-->src/main/AndroidManifest.xml:8:22-76
19
20    <permission
20-->[androidx.core:core:1.10.1] AndroidManifest.xml:22:5-24:47
21        android:name="com.nxp.ntag424tool.DYNAMIC_RECEIVER_NOT_EXPORTED_PERMISSION"
21-->[androidx.core:core:1.10.1] AndroidManifest.xml:23:9-81
22        android:protectionLevel="signature" />
22-->[androidx.core:core:1.10.1] AndroidManifest.xml:24:9-44
23
24    <uses-permission android:name="com.nxp.ntag424tool.DYNAMIC_RECEIVER_NOT_EXPORTED_PERMISSION" />
24-->[androidx.core:core:1.10.1] AndroidManifest.xml:26:5-97
24-->[androidx.core:core:1.10.1] AndroidManifest.xml:26:22-94
25
26    <application
26-->src/main/AndroidManifest.xml:10:5-38:19
27        android:name="androidx.multidex.MultiDexApplication"
27-->src/main/AndroidManifest.xml:15:9-61
28        android:allowBackup="true"
28-->src/main/AndroidManifest.xml:11:9-35
29        android:appComponentFactory="androidx.core.app.CoreComponentFactory"
29-->[androidx.core:core:1.10.1] AndroidManifest.xml:28:18-86
30        android:debuggable="true"
31        android:extractNativeLibs="true"
32        android:icon="@mipmap/ic_launcher"
32-->src/main/AndroidManifest.xml:12:9-43
33        android:label="@string/app_name"
33-->src/main/AndroidManifest.xml:13:9-41
34        android:supportsRtl="true"
34-->[NxpNfcAndroidLib.aar] AndroidManifest.xml:22:9-35
35        android:theme="@style/AppTheme" >
35-->src/main/AndroidManifest.xml:14:9-40
36        <activity
36-->src/main/AndroidManifest.xml:18:9-36:20
37            android:name="com.nxp.ntag424tool.MainActivity"
37-->src/main/AndroidManifest.xml:19:13-41
38            android:exported="true"
38-->src/main/AndroidManifest.xml:20:13-36
39            android:launchMode="singleTop"
39-->src/main/AndroidManifest.xml:22:13-43
40            android:screenOrientation="portrait" >
40-->src/main/AndroidManifest.xml:21:13-49
41            <intent-filter>
41-->src/main/AndroidManifest.xml:23:13-26:29
42                <action android:name="android.intent.action.MAIN" />
42-->src/main/AndroidManifest.xml:24:17-69
42-->src/main/AndroidManifest.xml:24:25-66
43
44                <category android:name="android.intent.category.LAUNCHER" />
44-->src/main/AndroidManifest.xml:25:17-77
44-->src/main/AndroidManifest.xml:25:27-74
45            </intent-filter>
46            <intent-filter>
46-->src/main/AndroidManifest.xml:27:13-32:29
47                <action android:name="android.nfc.action.NDEF_DISCOVERED" />
47-->src/main/AndroidManifest.xml:28:17-77
47-->src/main/AndroidManifest.xml:28:25-74
48                <action android:name="android.nfc.action.TAG_DISCOVERED" />
48-->src/main/AndroidManifest.xml:29:17-76
48-->src/main/AndroidManifest.xml:29:25-73
49                <action android:name="android.nfc.action.TECH_DISCOVERED" />
49-->src/main/AndroidManifest.xml:30:17-77
49-->src/main/AndroidManifest.xml:30:25-74
50
51                <category android:name="android.intent.category.DEFAULT" />
51-->src/main/AndroidManifest.xml:31:17-76
51-->src/main/AndroidManifest.xml:31:27-73
52            </intent-filter>
53
54            <meta-data
54-->src/main/AndroidManifest.xml:33:13-35:59
55                android:name="android.nfc.action.TECH_DISCOVERED"
55-->src/main/AndroidManifest.xml:34:17-66
56                android:resource="@xml/nfc_tech_filter" />
56-->src/main/AndroidManifest.xml:35:17-56
57        </activity>
58
59        <receiver
59-->[NxpNfcAndroidLib.aar] AndroidManifest.xml:23:9-31:20
60            android:name="com.google.android.gms.analytics.AnalyticsReceiver"
60-->[NxpNfcAndroidLib.aar] AndroidManifest.xml:24:13-78
61            android:enabled="true"
61-->[NxpNfcAndroidLib.aar] AndroidManifest.xml:25:13-35
62            android:exported="true" >
62-->[NxpNfcAndroidLib.aar] AndroidManifest.xml:26:13-36
63            <intent-filter>
63-->[NxpNfcAndroidLib.aar] AndroidManifest.xml:28:13-30:29
64                <action android:name="com.google.android.gms.analytics.ANALYTICS_DISPATCH" />
64-->[NxpNfcAndroidLib.aar] AndroidManifest.xml:29:17-94
64-->[NxpNfcAndroidLib.aar] AndroidManifest.xml:29:25-91
65            </intent-filter>
66        </receiver>
67
68        <service
68-->[NxpNfcAndroidLib.aar] AndroidManifest.xml:33:9-37:48
69            android:name="com.google.android.gms.analytics.AnalyticsService"
69-->[NxpNfcAndroidLib.aar] AndroidManifest.xml:34:13-77
70            android:enabled="true"
70-->[NxpNfcAndroidLib.aar] AndroidManifest.xml:35:13-35
71            android:exported="false" />
71-->[NxpNfcAndroidLib.aar] AndroidManifest.xml:36:13-37
72        <!--
73             Optionally, register CampaignTrackingReceiver and CampaignTrackingService to enable
74             installation campaign reporting
75        -->
76        <receiver
76-->[NxpNfcAndroidLib.aar] AndroidManifest.xml:43:9-49:20
77            android:name="com.google.android.gms.analytics.CampaignTrackingReceiver"
77-->[NxpNfcAndroidLib.aar] AndroidManifest.xml:44:13-85
78            android:exported="true" >
78-->[NxpNfcAndroidLib.aar] AndroidManifest.xml:45:13-36
79            <intent-filter>
79-->[NxpNfcAndroidLib.aar] AndroidManifest.xml:46:13-48:29
80                <action android:name="com.android.vending.INSTALL_REFERRER" />
80-->[NxpNfcAndroidLib.aar] AndroidManifest.xml:47:17-79
80-->[NxpNfcAndroidLib.aar] AndroidManifest.xml:47:25-76
81            </intent-filter>
82        </receiver>
83
84        <service android:name="com.google.android.gms.analytics.CampaignTrackingService" />
84-->[NxpNfcAndroidLib.aar] AndroidManifest.xml:51:9-92
84-->[NxpNfcAndroidLib.aar] AndroidManifest.xml:51:18-89
85
86        <provider
86-->[androidx.emoji2:emoji2:1.2.0] AndroidManifest.xml:24:9-32:20
87            android:name="androidx.startup.InitializationProvider"
87-->[androidx.emoji2:emoji2:1.2.0] AndroidManifest.xml:25:13-67
88            android:authorities="com.nxp.ntag424tool.androidx-startup"
88-->[androidx.emoji2:emoji2:1.2.0] AndroidManifest.xml:26:13-68
89            android:exported="false" >
89-->[androidx.emoji2:emoji2:1.2.0] AndroidManifest.xml:27:13-37
90            <meta-data
90-->[androidx.emoji2:emoji2:1.2.0] AndroidManifest.xml:29:13-31:52
91                android:name="androidx.emoji2.text.EmojiCompatInitializer"
91-->[androidx.emoji2:emoji2:1.2.0] AndroidManifest.xml:30:17-75
92                android:value="androidx.startup" />
92-->[androidx.emoji2:emoji2:1.2.0] AndroidManifest.xml:31:17-49
93            <meta-data
93-->[androidx.lifecycle:lifecycle-process:2.6.1] AndroidManifest.xml:29:13-31:52
94                android:name="androidx.lifecycle.ProcessLifecycleInitializer"
94-->[androidx.lifecycle:lifecycle-process:2.6.1] AndroidManifest.xml:30:17-78
95                android:value="androidx.startup" />
95-->[androidx.lifecycle:lifecycle-process:2.6.1] AndroidManifest.xml:31:17-49
96            <meta-data
96-->[androidx.profileinstaller:profileinstaller:1.3.0] AndroidManifest.xml:29:13-31:52
97                android:name="androidx.profileinstaller.ProfileInstallerInitializer"
97-->[androidx.profileinstaller:profileinstaller:1.3.0] AndroidManifest.xml:30:17-85
98                android:value="androidx.startup" />
98-->[androidx.profileinstaller:profileinstaller:1.3.0] AndroidManifest.xml:31:17-49
99        </provider>
100
101        <receiver
101-->[androidx.profileinstaller:profileinstaller:1.3.0] AndroidManifest.xml:34:9-52:20
102            android:name="androidx.profileinstaller.ProfileInstallReceiver"
102-->[androidx.profileinstaller:profileinstaller:1.3.0] AndroidManifest.xml:35:13-76
103            android:directBootAware="false"
103-->[androidx.profileinstaller:profileinstaller:1.3.0] AndroidManifest.xml:36:13-44
104            android:enabled="true"
104-->[androidx.profileinstaller:profileinstaller:1.3.0] AndroidManifest.xml:37:13-35
105            android:exported="true"
105-->[androidx.profileinstaller:profileinstaller:1.3.0] AndroidManifest.xml:38:13-36
106            android:permission="android.permission.DUMP" >
106-->[androidx.profileinstaller:profileinstaller:1.3.0] AndroidManifest.xml:39:13-57
107            <intent-filter>
107-->[androidx.profileinstaller:profileinstaller:1.3.0] AndroidManifest.xml:40:13-42:29
108                <action android:name="androidx.profileinstaller.action.INSTALL_PROFILE" />
108-->[androidx.profileinstaller:profileinstaller:1.3.0] AndroidManifest.xml:41:17-91
108-->[androidx.profileinstaller:profileinstaller:1.3.0] AndroidManifest.xml:41:25-88
109            </intent-filter>
110            <intent-filter>
110-->[androidx.profileinstaller:profileinstaller:1.3.0] AndroidManifest.xml:43:13-45:29
111                <action android:name="androidx.profileinstaller.action.SKIP_FILE" />
111-->[androidx.profileinstaller:profileinstaller:1.3.0] AndroidManifest.xml:44:17-85
111-->[androidx.profileinstaller:profileinstaller:1.3.0] AndroidManifest.xml:44:25-82
112            </intent-filter>
113            <intent-filter>
113-->[androidx.profileinstaller:profileinstaller:1.3.0] AndroidManifest.xml:46:13-48:29
114                <action android:name="androidx.profileinstaller.action.SAVE_PROFILE" />
114-->[androidx.profileinstaller:profileinstaller:1.3.0] AndroidManifest.xml:47:17-88
114-->[androidx.profileinstaller:profileinstaller:1.3.0] AndroidManifest.xml:47:25-85
115            </intent-filter>
116            <intent-filter>
116-->[androidx.profileinstaller:profileinstaller:1.3.0] AndroidManifest.xml:49:13-51:29
117                <action android:name="androidx.profileinstaller.action.BENCHMARK_OPERATION" />
117-->[androidx.profileinstaller:profileinstaller:1.3.0] AndroidManifest.xml:50:17-95
117-->[androidx.profileinstaller:profileinstaller:1.3.0] AndroidManifest.xml:50:25-92
118            </intent-filter>
119        </receiver>
120    </application>
121
122</manifest>